<?xml version="1.0" encoding="UTF-8"?>
<testng-results ignored="0" total="2" passed="2" failed="0" skipped="0">
  <reporter-output>
  </reporter-output>
  <suite started-at="2023-11-30T16:44:19 IST" name="Surefire suite" finished-at="2023-11-30T16:44:27 IST" duration-ms="7280">
    <groups>
    </groups>
    <test started-at="2023-11-30T16:44:19 IST" name="Surefire test" finished-at="2023-11-30T16:44:27 IST" duration-ms="7280">
      <class name="TestCases.TestngSampleTest">
        <test-method is-config="true" signature="beforeSuite()[pri:0, instance:TestCases.TestngSampleTest@707194ba]" started-at="2023-11-30T16:44:19 IST" name="beforeSuite" finished-at="2023-11-30T16:44:19 IST" duration-ms="9" status="PASS">
          <reporter-output>
          </reporter-output>
        </test-method> <!-- beforeSuite -->
        <test-method is-config="true" signature="beforeTest()[pri:0, instance:TestCases.TestngSampleTest@707194ba]" started-at="2023-11-30T16:44:19 IST" name="beforeTest" finished-at="2023-11-30T16:44:19 IST" duration-ms="0" status="PASS">
          <reporter-output>
          </reporter-output>
        </test-method> <!-- beforeTest -->
        <test-method is-config="true" signature="beforeClass()[pri:0, instance:TestCases.TestngSampleTest@707194ba]" started-at="2023-11-30T16:44:19 IST" name="beforeClass" finished-at="2023-11-30T16:44:19 IST" duration-ms="0" status="PASS">
          <reporter-output>
          </reporter-output>
        </test-method> <!-- beforeClass -->
        <test-method is-config="true" signature="beforeMethod()[pri:0, instance:TestCases.TestngSampleTest@707194ba]" started-at="2023-11-30T16:44:20 IST" name="beforeMethod" finished-at="2023-11-30T16:44:23 IST" duration-ms="3741" status="PASS">
          <reporter-output>
          </reporter-output>
        </test-method> <!-- beforeMethod -->
        <test-method signature="test1()[pri:0, instance:TestCases.TestngSampleTest@707194ba]" started-at="2023-11-30T16:44:23 IST" name="test1" finished-at="2023-11-30T16:44:23 IST" duration-ms="1" status="PASS">
          <reporter-output>
          </reporter-output>
        </test-method> <!-- test1 -->
        <test-method is-config="true" signature="AfterMethod()[pri:0, instance:TestCases.TestngSampleTest@707194ba]" started-at="2023-11-30T16:44:23 IST" name="AfterMethod" finished-at="2023-11-30T16:44:24 IST" duration-ms="631" status="PASS">
          <reporter-output>
          </reporter-output>
        </test-method> <!-- AfterMethod -->
        <test-method is-config="true" signature="beforeMethod()[pri:0, instance:TestCases.TestngSampleTest@707194ba]" started-at="2023-11-30T16:44:24 IST" name="beforeMethod" finished-at="2023-11-30T16:44:26 IST" duration-ms="2251" status="PASS">
          <reporter-output>
          </reporter-output>
        </test-method> <!-- beforeMethod -->
        <test-method signature="test2()[pri:0, instance:TestCases.TestngSampleTest@707194ba]" started-at="2023-11-30T16:44:26 IST" name="test2" finished-at="2023-11-30T16:44:26 IST" duration-ms="0" status="PASS">
          <reporter-output>
          </reporter-output>
        </test-method> <!-- test2 -->
        <test-method is-config="true" signature="AfterMethod()[pri:0, instance:TestCases.TestngSampleTest@707194ba]" started-at="2023-11-30T16:44:26 IST" name="AfterMethod" finished-at="2023-11-30T16:44:27 IST" duration-ms="632" status="PASS">
          <reporter-output>
          </reporter-output>
        </test-method> <!-- AfterMethod -->
        <test-method is-config="true" signature="AfterTest()[pri:0, instance:TestCases.TestngSampleTest@707194ba]" started-at="2023-11-30T16:44:27 IST" name="AfterTest" finished-at="2023-11-30T16:44:27 IST" duration-ms="0" status="PASS">
          <reporter-output>
          </reporter-output>
        </test-method> <!-- AfterTest -->
        <test-method is-config="true" signature="AfterClass()[pri:0, instance:TestCases.TestngSampleTest@707194ba]" started-at="2023-11-30T16:44:27 IST" name="AfterClass" finished-at="2023-11-30T16:44:27 IST" duration-ms="0" status="PASS">
          <reporter-output>
          </reporter-output>
        </test-method> <!-- AfterClass -->
        <test-method is-config="true" signature="AfterSuite()[pri:0, instance:TestCases.TestngSampleTest@707194ba]" started-at="2023-11-30T16:44:27 IST" name="AfterSuite" finished-at="2023-11-30T16:44:27 IST" duration-ms="0" status="PASS">
          <reporter-output>
          </reporter-output>
        </test-method> <!-- AfterSuite -->
      </class> <!-- TestCases.TestngSampleTest -->
    </test> <!-- Surefire test -->
  </suite> <!-- Surefire suite -->
</testng-results>
