<?xml version="1.0" encoding="UTF-8"?>
<testng-results ignored="0" total="2" passed="2" failed="0" skipped="0">
  <reporter-output>
  </reporter-output>
  <suite started-at="2023-11-30T11:36:54 IST" name="Default suite" finished-at="2023-11-30T11:36:54 IST" duration-ms="32">
    <groups>
    </groups>
    <test started-at="2023-11-30T11:36:54 IST" name="Default test" finished-at="2023-11-30T11:36:54 IST" duration-ms="32">
      <class name="TestCases.TestngSampleTest">
        <test-method is-config="true" signature="beforeSuite()[pri:0, instance:TestCases.TestngSampleTest@2dc54ad4]" started-at="2023-11-30T11:36:54 IST" name="beforeSuite" finished-at="2023-11-30T11:36:54 IST" duration-ms="16" status="PASS">
          <reporter-output>
          </reporter-output>
        </test-method> <!-- beforeSuite -->
        <test-method is-config="true" signature="beforeTest()[pri:0, instance:TestCases.TestngSampleTest@2dc54ad4]" started-at="2023-11-30T11:36:54 IST" name="beforeTest" finished-at="2023-11-30T11:36:54 IST" duration-ms="0" status="PASS">
          <reporter-output>
          </reporter-output>
        </test-method> <!-- beforeTest -->
        <test-method is-config="true" signature="beforeClass()[pri:0, instance:TestCases.TestngSampleTest@2dc54ad4]" started-at="2023-11-30T11:36:54 IST" name="beforeClass" finished-at="2023-11-30T11:36:54 IST" duration-ms="0" status="PASS">
          <reporter-output>
          </reporter-output>
        </test-method> <!-- beforeClass -->
        <test-method signature="test2()[pri:0, instance:TestCases.TestngSampleTest@2dc54ad4]" started-at="2023-11-30T11:36:54 IST" name="test2" finished-at="2023-11-30T11:36:54 IST" duration-ms="0" status="PASS">
          <reporter-output>
          </reporter-output>
        </test-method> <!-- test2 -->
        <test-method is-config="true" signature="beforeMethod()[pri:0, instance:TestCases.TestngSampleTest@2dc54ad4]" started-at="2023-11-30T11:36:54 IST" name="beforeMethod" finished-at="2023-11-30T11:36:54 IST" duration-ms="0" status="PASS">
          <reporter-output>
          </reporter-output>
        </test-method> <!-- beforeMethod -->
        <test-method is-config="true" signature="AfterMethod()[pri:0, instance:TestCases.TestngSampleTest@2dc54ad4]" started-at="2023-11-30T11:36:54 IST" name="AfterMethod" finished-at="2023-11-30T11:36:54 IST" duration-ms="0" status="PASS">
          <reporter-output>
          </reporter-output>
        </test-method> <!-- AfterMethod -->
        <test-method signature="test1()[pri:0, instance:TestCases.TestngSampleTest@2dc54ad4]" started-at="2023-11-30T11:36:54 IST" name="test1" finished-at="2023-11-30T11:36:54 IST" duration-ms="0" status="PASS">
          <reporter-output>
          </reporter-output>
        </test-method> <!-- test1 -->
        <test-method is-config="true" signature="beforeMethod()[pri:0, instance:TestCases.TestngSampleTest@2dc54ad4]" started-at="2023-11-30T11:36:54 IST" name="beforeMethod" finished-at="2023-11-30T11:36:54 IST" duration-ms="0" status="PASS">
          <reporter-output>
          </reporter-output>
        </test-method> <!-- beforeMethod -->
        <test-method is-config="true" signature="AfterMethod()[pri:0, instance:TestCases.TestngSampleTest@2dc54ad4]" started-at="2023-11-30T11:36:54 IST" name="AfterMethod" finished-at="2023-11-30T11:36:54 IST" duration-ms="0" status="PASS">
          <reporter-output>
          </reporter-output>
        </test-method> <!-- AfterMethod -->
        <test-method is-config="true" signature="AfterClass()[pri:0, instance:TestCases.TestngSampleTest@2dc54ad4]" started-at="2023-11-30T11:36:54 IST" name="AfterClass" finished-at="2023-11-30T11:36:54 IST" duration-ms="1" status="PASS">
          <reporter-output>
          </reporter-output>
        </test-method> <!-- AfterClass -->
        <test-method is-config="true" signature="AfterTest()[pri:0, instance:TestCases.TestngSampleTest@2dc54ad4]" started-at="2023-11-30T11:36:54 IST" name="AfterTest" finished-at="2023-11-30T11:36:54 IST" duration-ms="0" status="PASS">
          <reporter-output>
          </reporter-output>
        </test-method> <!-- AfterTest -->
        <test-method is-config="true" signature="AfterSuite()[pri:0, instance:TestCases.TestngSampleTest@2dc54ad4]" started-at="2023-11-30T11:36:54 IST" name="AfterSuite" finished-at="2023-11-30T11:36:54 IST" duration-ms="0" status="PASS">
          <reporter-output>
          </reporter-output>
        </test-method> <!-- AfterSuite -->
      </class> <!-- TestCases.TestngSampleTest -->
    </test> <!-- Default test -->
  </suite> <!-- Default suite -->
</testng-results>
